<?xml version="1.0" encoding="UTF-8"?>
<!-- Generated by org.testng.reporters.JUnitReportReporter -->
<testsuite hostname="DESKTOP-64KT7LH" failures="0" tests="1" name="TestClassPackage.TestLoginPage" time="0.286" errors="0" timestamp="18 Apr 2023 14:48:38 GMT" skipped="0">
  <testcase classname="TestClassPackage.TestLoginPage" name="testValidateTitle" time="0.286"/>
</testsuite> <!-- TestClassPackage.TestLoginPage -->
